Error while running make test of perl


lib/perl5db .................................................... # Failed test 120 - perldoc command works fine at ../lib/perl5db.t line 2773
#      got 'This system has been minimized by removing packages and content that are\nnot required on a system that users do not log into.\n\nTo restore this content, including manpages, you can run the \'unminimize\'\ncommand. You will still need to ensure the \'man-db\' package is installed.\n'
# expected /(?^:No (?:manual )?entry for perlrules)/
FAILED at test 120



Failed 1 test out of 2446, 99.96% okay.
### Since not all tests were successful, you may want to run some of
### them individually and examine any diagnostic messages they produce.
### See the INSTALL document's section on "make test".
### You have a good chance to get more information by running
###   ./perl harness
### in the 't' directory since most (>=80%) of the tests succeeded.
	../lib/perl5db.t
Elapsed: 568 sec
u=7.16  s=3.12  cu=317.68  cs=26.87  scripts=2446  tests=1157232
### You may have to set your dynamic library search path,
### LD_LIBRARY_PATH, to point to the build directory:
###   setenv LD_LIBRARY_PATH `pwd`; cd t; ./perl harness
###   LD_LIBRARY_PATH=`pwd`; export LD_LIBRARY_PATH; cd t; ./perl harness
###   export LD_LIBRARY_PATH=`pwd`; cd t; ./perl harness
### for csh-style shells, like tcsh; or for traditional/modern
### Bourne-style shells, like bash, ksh, and zsh, respectively.
make: *** [makefile:796: test] Error 1


